[0m14:45:16.223503 [debug] [MainThread]: Sending event: {'category': 'dbt', 'action': 'invocation', 'label': 'start', 'context': [<snowplow_tracker.self_describing_json.SelfDescribingJson object at 0x106da7a10>, <snowplow_tracker.self_describing_json.SelfDescribingJson object at 0x106da81d0>, <snowplow_tracker.self_describing_json.SelfDescribingJson object at 0x106dbb610>]}


============================== 14:45:16.254491 | 92334689-aa18-435e-9130-ed4172b05a3a ==============================
[0m14:45:16.254491 [info ] [MainThread]: Running with dbt=1.11.5
[0m14:45:16.255049 [debug] [MainThread]: running dbt with arguments {'warn_error': 'None', 'use_experimental_parser': 'False', 'write_json': 'True', 'version_check': 'True', 'log_path': 'logs', 'debug': 'False', 'indirect_selection': 'eager', 'printer_width': '80', 'warn_error_options': 'WarnErrorOptionsV2(error=[], warn=[], silence=[])', 'use_colors': 'True', 'profiles_dir': '/Users/loperatomas410/.dbt', 'log_cache_events': 'False', 'no_print': 'None', 'cache_selected_only': 'False', 'partial_parse': 'True', 'introspect': 'True', 'invocation_command': 'dbt init snowflake-connection', 'quiet': 'False', 'empty': 'None', 'send_anonymous_usage_stats': 'True', 'fail_fast': 'False', 'static_parser': 'True', 'log_format': 'default', 'target_path': 'None'}
[0m14:46:00.566837 [debug] [MainThread]: Starter project path: /Users/loperatomas410/Documents/WorkSpace/Proyectos/Delitos_Informaticos/.venv/lib/python3.11/site-packages/dbt/include/starter_project
[0m14:46:00.578576 [info ] [MainThread]: 
Your new dbt project "snowflake_connection" was created!

For more information on how to configure the profiles.yml file,
please consult the dbt documentation here:

  https://docs.getdbt.com/docs/configure-your-profile

One more thing:

Need help? Don't hesitate to reach out to us via GitHub issues or on Slack:

  https://community.getdbt.com/

Happy modeling!

[0m14:46:00.579193 [info ] [MainThread]: Setting up your profile.
[0m14:46:05.154073 [debug] [MainThread]: Snowflake adapter: Setting snowflake.connector to ERROR (file logging only)
[0m14:46:05.154530 [debug] [MainThread]: Snowflake adapter: Setting botocore to ERROR (file logging only)
[0m14:46:05.154820 [debug] [MainThread]: Snowflake adapter: Setting boto3 to ERROR (file logging only)
[0m14:48:15.663886 [info ] [MainThread]: Profile snowflake_connection written to /Users/loperatomas410/.dbt/profiles.yml using target's profile_template.yml and your supplied values. Run 'dbt debug' to validate the connection.
[0m14:48:15.720275 [debug] [MainThread]: Resource report: {"command_name": "init", "command_success": true, "command_wall_clock_time": 179.57286, "process_in_blocks": "0", "process_kernel_time": 0.9569, "process_mem_max_rss": "226328576", "process_out_blocks": "0", "process_user_time": 3.457867}
[0m14:48:15.722645 [debug] [MainThread]: Command `dbt init` succeeded at 14:48:15.722492 after 179.58 seconds
[0m14:48:15.723771 [debug] [MainThread]: Sending event: {'category': 'dbt', 'action': 'invocation', 'label': 'end', 'context': [<snowplow_tracker.self_describing_json.SelfDescribingJson object at 0x105fa5e90>, <snowplow_tracker.self_describing_json.SelfDescribingJson object at 0x1019f6490>, <snowplow_tracker.self_describing_json.SelfDescribingJson object at 0x1019f6450>]}
[0m14:48:15.724511 [debug] [MainThread]: Flushing usage events
[0m14:48:17.062876 [debug] [MainThread]: An error was encountered while trying to flush usage events
[0m14:57:17.342937 [debug] [MainThread]: Sending event: {'category': 'dbt', 'action': 'invocation', 'label': 'start', 'context': [<snowplow_tracker.self_describing_json.SelfDescribingJson object at 0x111c30fd0>, <snowplow_tracker.self_describing_json.SelfDescribingJson object at 0x111cd6150>, <snowplow_tracker.self_describing_json.SelfDescribingJson object at 0x111cd67d0>]}


============================== 14:57:17.347579 | a81e8a26-14db-42d5-8ee7-51776f73ec50 ==============================
[0m14:57:17.347579 [info ] [MainThread]: Running with dbt=1.11.5
[0m14:57:17.348078 [debug] [MainThread]: running dbt with arguments {'send_anonymous_usage_stats': 'True', 'indirect_selection': 'eager', 'fail_fast': 'False', 'use_experimental_parser': 'False', 'use_colors': 'True', 'warn_error': 'None', 'profiles_dir': '/Users/loperatomas410/.dbt', 'target_path': 'None', 'log_path': 'logs', 'quiet': 'False', 'empty': 'None', 'invocation_command': 'dbt init snowflake-connection', 'no_print': 'None', 'cache_selected_only': 'False', 'write_json': 'True', 'log_cache_events': 'False', 'debug': 'False', 'introspect': 'True', 'version_check': 'True', 'partial_parse': 'True', 'static_parser': 'True', 'printer_width': '80', 'warn_error_options': 'WarnErrorOptionsV2(error=[], warn=[], silence=[])', 'log_format': 'default'}
[0m14:57:19.777968 [error] [MainThread]: Encountered an error:

[0m14:57:19.781969 [error] [MainThread]: Traceback (most recent call last):
  File "/Users/loperatomas410/Documents/WorkSpace/Proyectos/Delitos_Informaticos/.venv/lib/python3.11/site-packages/dbt/cli/requires.py", line 182, in wrapper
    result, success = func(*args, **kwargs)
                      ^^^^^^^^^^^^^^^^^^^^^
  File "/Users/loperatomas410/Documents/WorkSpace/Proyectos/Delitos_Informaticos/.venv/lib/python3.11/site-packages/dbt/cli/requires.py", line 128, in wrapper
    return func(*args, **kwargs)
           ^^^^^^^^^^^^^^^^^^^^^
  File "/Users/loperatomas410/Documents/WorkSpace/Proyectos/Delitos_Informaticos/.venv/lib/python3.11/site-packages/dbt/cli/main.py", line 483, in init
    results = task.run()
              ^^^^^^^^^^
  File "/Users/loperatomas410/Documents/WorkSpace/Proyectos/Delitos_Informaticos/.venv/lib/python3.11/site-packages/dbt/task/init.py", line 324, in run
    project_name = self.get_valid_project_name()
                   ^^^^^^^^^^^^^^^^^^^^^^^^^^^^^
  File "/Users/loperatomas410/Documents/WorkSpace/Proyectos/Delitos_Informaticos/.venv/lib/python3.11/site-packages/dbt/task/init.py", line 278, in get_valid_project_name
    name = click.prompt("Enter a name for your project (letters, digits, underscore)")
           ^^^^^^^^^^^^^^^^^^^^^^^^^^^^^^^^^^^^^^^^^^^^^^^^^^^^^^^^^^^^^^^^^^^^^^^^^^^
  File "/Users/loperatomas410/Documents/WorkSpace/Proyectos/Delitos_Informaticos/.venv/lib/python3.11/site-packages/click/termui.py", line 171, in prompt
    value = prompt_func(prompt)
            ^^^^^^^^^^^^^^^^^^^
  File "/Users/loperatomas410/Documents/WorkSpace/Proyectos/Delitos_Informaticos/.venv/lib/python3.11/site-packages/click/termui.py", line 154, in prompt_func
    raise Abort() from None
click.exceptions.Abort

[0m14:57:19.786511 [debug] [MainThread]: Resource report: {"command_name": "init", "command_success": false, "command_wall_clock_time": 2.5195405, "process_in_blocks": "0", "process_kernel_time": 0.344047, "process_mem_max_rss": "132956160", "process_out_blocks": "0", "process_user_time": 2.06695}
[0m14:57:19.787252 [debug] [MainThread]: Command `dbt init` failed at 14:57:19.787119 after 2.52 seconds
[0m14:57:19.787660 [debug] [MainThread]: Sending event: {'category': 'dbt', 'action': 'invocation', 'label': 'end', 'context': [<snowplow_tracker.self_describing_json.SelfDescribingJson object at 0x111cefb50>, <snowplow_tracker.self_describing_json.SelfDescribingJson object at 0x1034f78d0>, <snowplow_tracker.self_describing_json.SelfDescribingJson object at 0x111c2ff10>]}
[0m14:57:19.788008 [debug] [MainThread]: Flushing usage events
[0m14:57:21.015921 [debug] [MainThread]: An error was encountered while trying to flush usage events
[0m15:06:46.224449 [debug] [MainThread]: Sending event: {'category': 'dbt', 'action': 'invocation', 'label': 'start', 'context': [<snowplow_tracker.self_describing_json.SelfDescribingJson object at 0x1117361d0>, <snowplow_tracker.self_describing_json.SelfDescribingJson object at 0x1117db450>, <snowplow_tracker.self_describing_json.SelfDescribingJson object at 0x1117dbe50>]}


============================== 15:06:46.228713 | 45d9f8ee-15ac-41f9-9d31-e0af44e3394d ==============================
[0m15:06:46.228713 [info ] [MainThread]: Running with dbt=1.11.5
[0m15:06:46.229286 [debug] [MainThread]: running dbt with arguments {'log_format': 'default', 'empty': 'False', 'quiet': 'False', 'target_path': 'None', 'use_experimental_parser': 'False', 'write_json': 'True', 'log_cache_events': 'False', 'warn_error': 'None', 'send_anonymous_usage_stats': 'True', 'partial_parse': 'True', 'indirect_selection': 'eager', 'printer_width': '80', 'profiles_dir': '/Users/loperatomas410/.dbt', 'no_print': 'None', 'version_check': 'True', 'use_colors': 'True', 'cache_selected_only': 'False', 'fail_fast': 'False', 'log_path': 'logs', 'static_parser': 'True', 'debug': 'False', 'warn_error_options': 'WarnErrorOptionsV2(error=[], warn=[], silence=[])', 'introspect': 'True', 'invocation_command': 'dbt run -s stg_delitos'}
[0m15:06:46.229843 [error] [MainThread]: Encountered an error:
Runtime Error
  No dbt_project.yml found at expected path /Users/loperatomas410/Documents/WorkSpace/Proyectos/Delitos_Informaticos/dbt_project.yml
  Verify that each entry within packages.yml (and their transitive dependencies) contains a file named dbt_project.yml
  
[0m15:06:46.238078 [debug] [MainThread]: Resource report: {"command_name": "run", "command_success": false, "command_wall_clock_time": 0.08483675, "process_in_blocks": "0", "process_kernel_time": 0.364714, "process_mem_max_rss": "132022272", "process_out_blocks": "0", "process_user_time": 2.079115}
[0m15:06:46.238649 [debug] [MainThread]: Command `dbt run` failed at 15:06:46.238557 after 0.09 seconds
[0m15:06:46.239021 [debug] [MainThread]: Sending event: {'category': 'dbt', 'action': 'invocation', 'label': 'end', 'context': [<snowplow_tracker.self_describing_json.SelfDescribingJson object at 0x1117db550>, <snowplow_tracker.self_describing_json.SelfDescribingJson object at 0x1117db650>, <snowplow_tracker.self_describing_json.SelfDescribingJson object at 0x111784ed0>]}
[0m15:06:46.239349 [debug] [MainThread]: Flushing usage events
[0m15:06:46.679691 [debug] [MainThread]: An error was encountered while trying to flush usage events
